  AESWrapper.cpp
  Base64Wrapper.cpp
  Client.cpp
  Please define _WIN32_WINNT or _WIN32_WINDOWS appropriately. For example:
  - add -D_WIN32_WINNT=0x0601 to the compiler command line; or
  - add _WIN32_WINNT=0x0601 to your project's Preprocessor Definitions.
  Assuming _WIN32_WINNT=0x0601 (i.e. Windows 7 target).
C:\Users\amita\MessageU\src\client\Client.cpp(30,35): warning C4101: 'se': unreferenced local variable
  ClientInfo.cpp
  ConnectionManager.cpp
  Please define _WIN32_WINNT or _WIN32_WINDOWS appropriately. For example:
  - add -D_WIN32_WINNT=0x0601 to the compiler command line; or
  - add _WIN32_WINNT=0x0601 to your project's Preprocessor Definitions.
  Assuming _WIN32_WINNT=0x0601 (i.e. Windows 7 target).
  MessagingClient.cpp
  Please define _WIN32_WINNT or _WIN32_WINDOWS appropriately. For example:
  - add -D_WIN32_WINNT=0x0601 to the compiler command line; or
  - add _WIN32_WINNT=0x0601 to your project's Preprocessor Definitions.
  Assuming _WIN32_WINNT=0x0601 (i.e. Windows 7 target).
C:\Users\amita\MessageU\src\client\MessagingClient.cpp(193,20): error C2665: 'Request::Request': no overloaded function could convert all the argument types
      C:\Users\amita\MessageU\src\client\Request.h(13,5):
      could be 'Request::Request(const uint8_t (&)[16],uint16_t,const std::vector<boost::asio::detail::buffered_stream_storage::byte_type,std::allocator<boost::asio::detail::buffered_stream_storage::byte_type>> &)'
          C:\Users\amita\MessageU\src\client\MessagingClient.cpp(193,20):
          'Request::Request(const uint8_t (&)[16],uint16_t,const std::vector<boost::asio::detail::buffered_stream_storage::byte_type,std::allocator<boost::asio::detail::buffered_stream_storage::byte_type>> &)': cannot convert argument 1 from '_Ty *' to 'const uint8_t (&)[16]'
          with
          [
              _Ty=unsigned char
          ]
              C:\Users\amita\MessageU\src\client\MessagingClient.cpp(193,36):
              Reason: cannot convert from '_Ty *' to 'const uint8_t [16]'
          with
          [
              _Ty=unsigned char
          ]
              C:\Users\amita\MessageU\src\client\MessagingClient.cpp(193,36):
              There are no conversions to array types, although there are conversions to references or pointers to arrays
      C:\Users\amita\MessageU\src\client\MessagingClient.cpp(193,20):
      while trying to match the argument list '(_Ty *, const uint16_t, std::vector<boost::asio::detail::buffered_stream_storage::byte_type,std::allocator<boost::asio::detail::buffered_stream_storage::byte_type>>)'
          with
          [
              _Ty=unsigned char
          ]
  
C:\Users\amita\MessageU\src\client\MessagingClient.cpp(205,20): error C2665: 'Request::Request': no overloaded function could convert all the argument types
      C:\Users\amita\MessageU\src\client\Request.h(13,5):
      could be 'Request::Request(const uint8_t (&)[16],uint16_t,const std::vector<boost::asio::detail::buffered_stream_storage::byte_type,std::allocator<boost::asio::detail::buffered_stream_storage::byte_type>> &)'
          C:\Users\amita\MessageU\src\client\MessagingClient.cpp(205,20):
          'Request::Request(const uint8_t (&)[16],uint16_t,const std::vector<boost::asio::detail::buffered_stream_storage::byte_type,std::allocator<boost::asio::detail::buffered_stream_storage::byte_type>> &)': cannot convert argument 1 from '_Ty *' to 'const uint8_t (&)[16]'
          with
          [
              _Ty=unsigned char
          ]
              C:\Users\amita\MessageU\src\client\MessagingClient.cpp(205,36):
              Reason: cannot convert from '_Ty *' to 'const uint8_t [16]'
          with
          [
              _Ty=unsigned char
          ]
              C:\Users\amita\MessageU\src\client\MessagingClient.cpp(205,36):
              There are no conversions to array types, although there are conversions to references or pointers to arrays
      C:\Users\amita\MessageU\src\client\MessagingClient.cpp(205,20):
      while trying to match the argument list '(_Ty *, const uint16_t, std::vector<boost::asio::detail::buffered_stream_storage::byte_type,std::allocator<boost::asio::detail::buffered_stream_storage::byte_type>>)'
          with
          [
              _Ty=unsigned char
          ]
  
C:\Users\amita\MessageU\src\client\MessagingClient.cpp(229,20): error C2665: 'Request::Request': no overloaded function could convert all the argument types
      C:\Users\amita\MessageU\src\client\Request.h(13,5):
      could be 'Request::Request(const uint8_t (&)[16],uint16_t,const std::vector<boost::asio::detail::buffered_stream_storage::byte_type,std::allocator<boost::asio::detail::buffered_stream_storage::byte_type>> &)'
          C:\Users\amita\MessageU\src\client\MessagingClient.cpp(229,20):
          'Request::Request(const uint8_t (&)[16],uint16_t,const std::vector<boost::asio::detail::buffered_stream_storage::byte_type,std::allocator<boost::asio::detail::buffered_stream_storage::byte_type>> &)': cannot convert argument 1 from '_Ty *' to 'const uint8_t (&)[16]'
          with
          [
              _Ty=unsigned char
          ]
              C:\Users\amita\MessageU\src\client\MessagingClient.cpp(229,36):
              Reason: cannot convert from '_Ty *' to 'const uint8_t [16]'
          with
          [
              _Ty=unsigned char
          ]
              C:\Users\amita\MessageU\src\client\MessagingClient.cpp(229,36):
              There are no conversions to array types, although there are conversions to references or pointers to arrays
      C:\Users\amita\MessageU\src\client\MessagingClient.cpp(229,20):
      while trying to match the argument list '(_Ty *, const uint16_t, std::vector<boost::asio::detail::buffered_stream_storage::byte_type,std::allocator<boost::asio::detail::buffered_stream_storage::byte_type>>)'
          with
          [
              _Ty=unsigned char
          ]
  
C:\Users\amita\MessageU\src\client\MessagingClient.cpp(247,20): error C2665: 'Request::Request': no overloaded function could convert all the argument types
      C:\Users\amita\MessageU\src\client\Request.h(13,5):
      could be 'Request::Request(const uint8_t (&)[16],uint16_t,const std::vector<boost::asio::detail::buffered_stream_storage::byte_type,std::allocator<boost::asio::detail::buffered_stream_storage::byte_type>> &)'
          C:\Users\amita\MessageU\src\client\MessagingClient.cpp(247,20):
          'Request::Request(const uint8_t (&)[16],uint16_t,const std::vector<boost::asio::detail::buffered_stream_storage::byte_type,std::allocator<boost::asio::detail::buffered_stream_storage::byte_type>> &)': cannot convert argument 1 from '_Ty *' to 'const uint8_t (&)[16]'
          with
          [
              _Ty=unsigned char
          ]
              C:\Users\amita\MessageU\src\client\MessagingClient.cpp(247,36):
              Reason: cannot convert from '_Ty *' to 'const uint8_t [16]'
          with
          [
              _Ty=unsigned char
          ]
              C:\Users\amita\MessageU\src\client\MessagingClient.cpp(247,36):
              There are no conversions to array types, although there are conversions to references or pointers to arrays
      C:\Users\amita\MessageU\src\client\MessagingClient.cpp(247,20):
      while trying to match the argument list '(_Ty *, const uint16_t, std::vector<boost::asio::detail::buffered_stream_storage::byte_type,std::allocator<boost::asio::detail::buffered_stream_storage::byte_type>>)'
          with
          [
              _Ty=unsigned char
          ]
  
C:\Users\amita\MessageU\src\client\MessagingClient.cpp(267,20): error C2665: 'Request::Request': no overloaded function could convert all the argument types
      C:\Users\amita\MessageU\src\client\Request.h(13,5):
      could be 'Request::Request(const uint8_t (&)[16],uint16_t,const std::vector<boost::asio::detail::buffered_stream_storage::byte_type,std::allocator<boost::asio::detail::buffered_stream_storage::byte_type>> &)'
          C:\Users\amita\MessageU\src\client\MessagingClient.cpp(267,20):
          'Request::Request(const uint8_t (&)[16],uint16_t,const std::vector<boost::asio::detail::buffered_stream_storage::byte_type,std::allocator<boost::asio::detail::buffered_stream_storage::byte_type>> &)': cannot convert argument 1 from '_Ty *' to 'const uint8_t (&)[16]'
          with
          [
              _Ty=unsigned char
          ]
              C:\Users\amita\MessageU\src\client\MessagingClient.cpp(267,36):
              Reason: cannot convert from '_Ty *' to 'const uint8_t [16]'
          with
          [
              _Ty=unsigned char
          ]
              C:\Users\amita\MessageU\src\client\MessagingClient.cpp(267,36):
              There are no conversions to array types, although there are conversions to references or pointers to arrays
      C:\Users\amita\MessageU\src\client\MessagingClient.cpp(267,20):
      while trying to match the argument list '(_Ty *, const uint16_t, std::vector<boost::asio::detail::buffered_stream_storage::byte_type,std::allocator<boost::asio::detail::buffered_stream_storage::byte_type>>)'
          with
          [
              _Ty=unsigned char
          ]
  
C:\Users\amita\MessageU\src\client\MessagingClient.cpp(298,20): error C2665: 'Request::Request': no overloaded function could convert all the argument types
      C:\Users\amita\MessageU\src\client\Request.h(13,5):
      could be 'Request::Request(const uint8_t (&)[16],uint16_t,const std::vector<boost::asio::detail::buffered_stream_storage::byte_type,std::allocator<boost::asio::detail::buffered_stream_storage::byte_type>> &)'
          C:\Users\amita\MessageU\src\client\MessagingClient.cpp(298,20):
          'Request::Request(const uint8_t (&)[16],uint16_t,const std::vector<boost::asio::detail::buffered_stream_storage::byte_type,std::allocator<boost::asio::detail::buffered_stream_storage::byte_type>> &)': cannot convert argument 1 from '_Ty *' to 'const uint8_t (&)[16]'
          with
          [
              _Ty=unsigned char
          ]
              C:\Users\amita\MessageU\src\client\MessagingClient.cpp(298,36):
              Reason: cannot convert from '_Ty *' to 'const uint8_t [16]'
          with
          [
              _Ty=unsigned char
          ]
              C:\Users\amita\MessageU\src\client\MessagingClient.cpp(298,36):
              There are no conversions to array types, although there are conversions to references or pointers to arrays
      C:\Users\amita\MessageU\src\client\MessagingClient.cpp(298,20):
      while trying to match the argument list '(_Ty *, const uint16_t, std::vector<boost::asio::detail::buffered_stream_storage::byte_type,std::allocator<boost::asio::detail::buffered_stream_storage::byte_type>>)'
          with
          [
              _Ty=unsigned char
          ]
  
C:\Users\amita\MessageU\src\client\MessagingClient.cpp(306,20): error C2665: 'Request::Request': no overloaded function could convert all the argument types
      C:\Users\amita\MessageU\src\client\Request.h(13,5):
      could be 'Request::Request(const uint8_t (&)[16],uint16_t,const std::vector<boost::asio::detail::buffered_stream_storage::byte_type,std::allocator<boost::asio::detail::buffered_stream_storage::byte_type>> &)'
          C:\Users\amita\MessageU\src\client\MessagingClient.cpp(306,20):
          'Request::Request(const uint8_t (&)[16],uint16_t,const std::vector<boost::asio::detail::buffered_stream_storage::byte_type,std::allocator<boost::asio::detail::buffered_stream_storage::byte_type>> &)': cannot convert argument 1 from '_Ty *' to 'const uint8_t (&)[16]'
          with
          [
              _Ty=unsigned char
          ]
              C:\Users\amita\MessageU\src\client\MessagingClient.cpp(306,36):
              Reason: cannot convert from '_Ty *' to 'const uint8_t [16]'
          with
          [
              _Ty=unsigned char
          ]
              C:\Users\amita\MessageU\src\client\MessagingClient.cpp(306,36):
              There are no conversions to array types, although there are conversions to references or pointers to arrays
      C:\Users\amita\MessageU\src\client\MessagingClient.cpp(306,20):
      while trying to match the argument list '(_Ty *, const uint16_t, std::vector<boost::asio::detail::buffered_stream_storage::byte_type,std::allocator<boost::asio::detail::buffered_stream_storage::byte_type>>)'
          with
          [
              _Ty=unsigned char
          ]
  
C:\Users\amita\MessageU\src\client\MessagingClient.cpp(364,96): warning C4267: 'argument': conversion from 'size_t' to 'unsigned int', possible loss of data
C:\Users\amita\MessageU\src\client\MessagingClient.cpp(375,40): warning C4267: 'argument': conversion from 'size_t' to 'unsigned int', possible loss of data
C:\Users\amita\MessageU\src\client\MessagingClient.cpp(376,93): warning C4267: 'argument': conversion from 'size_t' to 'unsigned int', possible loss of data
C:\Users\amita\MessageU\src\client\MessagingClient.cpp(381,40): warning C4267: 'argument': conversion from 'size_t' to 'unsigned int', possible loss of data
C:\Users\amita\MessageU\src\client\MessagingClient.cpp(382,94): warning C4267: 'argument': conversion from 'size_t' to 'unsigned int', possible loss of data
  Payload.cpp
  Payload.h
  Request.cpp
  Response.cpp
  RSAWrapper.cpp
  Utils.cpp
  Generating Code...
